mode: set
github.com/ghadeerhamed/bookings/internal/handlers/handlers.go:28.62,33.2 1 1
github.com/ghadeerhamed/bookings/internal/handlers/handlers.go:36.51,41.2 1 1
github.com/ghadeerhamed/bookings/internal/handlers/handlers.go:44.33,46.2 1 1
github.com/ghadeerhamed/bookings/internal/handlers/handlers.go:49.67,51.2 1 1
github.com/ghadeerhamed/bookings/internal/handlers/handlers.go:54.68,57.2 1 1
github.com/ghadeerhamed/bookings/internal/handlers/handlers.go:60.74,62.9 2 1
github.com/ghadeerhamed/bookings/internal/handlers/handlers.go:68.2,69.16 2 1
github.com/ghadeerhamed/bookings/internal/handlers/handlers.go:75.2,93.4 10 1
github.com/ghadeerhamed/bookings/internal/handlers/handlers.go:62.9,66.3 3 1
github.com/ghadeerhamed/bookings/internal/handlers/handlers.go:69.16,73.3 3 1
github.com/ghadeerhamed/bookings/internal/handlers/handlers.go:97.78,99.16 2 1
github.com/ghadeerhamed/bookings/internal/handlers/handlers.go:105.2,113.16 5 1
github.com/ghadeerhamed/bookings/internal/handlers/handlers.go:119.2,120.16 2 1
github.com/ghadeerhamed/bookings/internal/handlers/handlers.go:126.2,127.16 2 1
github.com/ghadeerhamed/bookings/internal/handlers/handlers.go:133.2,149.19 6 1
github.com/ghadeerhamed/bookings/internal/handlers/handlers.go:160.2,161.16 2 1
github.com/ghadeerhamed/bookings/internal/handlers/handlers.go:167.2,176.16 3 1
github.com/ghadeerhamed/bookings/internal/handlers/handlers.go:182.2,184.66 2 1
github.com/ghadeerhamed/bookings/internal/handlers/handlers.go:99.16,103.3 3 1
github.com/ghadeerhamed/bookings/internal/handlers/handlers.go:113.16,117.3 3 1
github.com/ghadeerhamed/bookings/internal/handlers/handlers.go:120.16,124.3 3 1
github.com/ghadeerhamed/bookings/internal/handlers/handlers.go:127.16,131.3 3 1
github.com/ghadeerhamed/bookings/internal/handlers/handlers.go:149.19,158.3 5 1
github.com/ghadeerhamed/bookings/internal/handlers/handlers.go:161.16,165.3 3 1
github.com/ghadeerhamed/bookings/internal/handlers/handlers.go:176.16,180.3 3 1
github.com/ghadeerhamed/bookings/internal/handlers/handlers.go:189.71,191.2 1 1
github.com/ghadeerhamed/bookings/internal/handlers/handlers.go:194.69,196.2 1 1
github.com/ghadeerhamed/bookings/internal/handlers/handlers.go:199.75,201.2 1 1
github.com/ghadeerhamed/bookings/internal/handlers/handlers.go:204.79,206.16 2 1
github.com/ghadeerhamed/bookings/internal/handlers/handlers.go:212.2,217.16 5 1
github.com/ghadeerhamed/bookings/internal/handlers/handlers.go:222.2,223.16 2 1
github.com/ghadeerhamed/bookings/internal/handlers/handlers.go:229.2,230.16 2 1
github.com/ghadeerhamed/bookings/internal/handlers/handlers.go:236.2,236.21 1 1
github.com/ghadeerhamed/bookings/internal/handlers/handlers.go:243.2,255.4 5 1
github.com/ghadeerhamed/bookings/internal/handlers/handlers.go:206.16,210.3 3 1
github.com/ghadeerhamed/bookings/internal/handlers/handlers.go:217.16,221.3 3 1
github.com/ghadeerhamed/bookings/internal/handlers/handlers.go:223.16,227.3 3 1
github.com/ghadeerhamed/bookings/internal/handlers/handlers.go:230.16,234.3 3 1
github.com/ghadeerhamed/bookings/internal/handlers/handlers.go:236.21,241.3 3 1
github.com/ghadeerhamed/bookings/internal/handlers/handlers.go:267.79,270.16 2 1
github.com/ghadeerhamed/bookings/internal/handlers/handlers.go:283.2,293.16 8 1
github.com/ghadeerhamed/bookings/internal/handlers/handlers.go:305.2,318.14 4 1
github.com/ghadeerhamed/bookings/internal/handlers/handlers.go:270.16,281.3 5 1
github.com/ghadeerhamed/bookings/internal/handlers/handlers.go:293.16,304.3 5 1
github.com/ghadeerhamed/bookings/internal/handlers/handlers.go:323.70,325.2 1 1
github.com/ghadeerhamed/bookings/internal/handlers/handlers.go:328.81,330.9 2 1
github.com/ghadeerhamed/bookings/internal/handlers/handlers.go:336.2,350.4 9 1
github.com/ghadeerhamed/bookings/internal/handlers/handlers.go:330.9,334.3 3 1
github.com/ghadeerhamed/bookings/internal/handlers/handlers.go:354.73,368.16 3 1
github.com/ghadeerhamed/bookings/internal/handlers/handlers.go:374.2,375.9 2 1
github.com/ghadeerhamed/bookings/internal/handlers/handlers.go:381.2,385.63 3 1
github.com/ghadeerhamed/bookings/internal/handlers/handlers.go:368.16,372.3 3 1
github.com/ghadeerhamed/bookings/internal/handlers/handlers.go:375.9,379.3 3 1
github.com/ghadeerhamed/bookings/internal/handlers/handlers.go:390.71,402.16 9 1
github.com/ghadeerhamed/bookings/internal/handlers/handlers.go:408.2,415.63 6 1
github.com/ghadeerhamed/bookings/internal/handlers/handlers.go:402.16,406.3 3 1
